<?xml version="1.0" encoding="UTF-8" ?>
<testsuites>
  <testsuite errors="0" failures="0" hostname="MBP-Alex.local" id="0" name="ExcelServiceTests" package="spendings" tests="3" time="2.899" timestamp="2012-07-31T12:47:44">
      <properties />

      <testcase classname="spendings.ExcelServiceTests" name="testDateParsing" time="0.773" />

      <testcase classname="spendings.ExcelServiceTests" name="testTypeParsing" time="0.037" />

      <testcase classname="spendings.ExcelServiceTests" name="testImportingFile" time="1.444" />

      <system-out><![CDATA[--Output from testDateParsing--
--Output from testTypeParsing--
--Output from testImportingFile--
Importing ...
]]></system-out>

      <system-err><![CDATA[--Output from testDateParsing--
--Output from testTypeParsing--
--Output from testImportingFile--
]]></system-err>

  </testsuite>
  <testsuite errors="0" failures="0" hostname="MBP-Alex.local" id="1" name="SpendingControllerTests" package="spendings" tests="1" time="1.701" timestamp="2012-07-31T12:47:47">
      <properties />

      <testcase classname="spendings.SpendingControllerTests" name="testImportExcelFile" time="1.573" />

      <system-out><![CDATA[--Output from testImportExcelFile--
]]></system-out>

      <system-err><![CDATA[--Output from testImportExcelFile--
]]></system-err>

  </testsuite>
  <testsuite errors="0" failures="0" hostname="MBP-Alex.local" id="2" name="SpendingTests" package="spendings" tests="1" time="0.288" timestamp="2012-07-31T12:47:49">
      <properties />

      <testcase classname="spendings.SpendingTests" name="testConstraints" time="0.283" />

      <system-out><![CDATA[--Output from testConstraints--
]]></system-out>

      <system-err><![CDATA[--Output from testConstraints--
]]></system-err>

  </testsuite>
</testsuites>
